<?xml version="1.0" encoding="UTF-8"?>
<testsuite xmlns:xsi="http://www.w3.org/2001/XMLSchema-instance" xsi:noNamespaceSchemaLocation="https://maven.apache.org/surefire/maven-surefire-plugin/xsd/surefire-test-report-3.0.xsd" version="3.0" name="org.chop.quarkus.scripting.test.QuarkusScriptingDevModeTest" time="0.843" tests="1" errors="0" skipped="0" failures="0">
  <properties>
    <property name="java.specification.version" value="20"/>
    <property name="sun.jnu.encoding" value="UTF-8"/>
    <property name="java.class.path" value="/Users/emilesteenkamp/Repository/github.com/underpaid/quarkus-scripting/deployment/target/test-classes:/Users/emilesteenkamp/Repository/github.com/underpaid/quarkus-scripting/deployment/target/classes:/Users/emilesteenkamp/.m2/repository/io/quarkus/quarkus-arc-deployment/3.2.2.Final/quarkus-arc-deployment-3.2.2.Final.jar:/Users/emilesteenkamp/.m2/repository/io/quarkus/quarkus-core-deployment/3.2.2.Final/quarkus-core-deployment-3.2.2.Final.jar:/Users/emilesteenkamp/.m2/repository/org/aesh/readline/2.4/readline-2.4.jar:/Users/emilesteenkamp/.m2/repository/org/fusesource/jansi/jansi/2.4.0/jansi-2.4.0.jar:/Users/emilesteenkamp/.m2/repository/org/aesh/aesh/2.7/aesh-2.7.jar:/Users/emilesteenkamp/.m2/repository/org/apache/commons/commons-lang3/3.12.0/commons-lang3-3.12.0.jar:/Users/emilesteenkamp/.m2/repository/org/wildfly/common/wildfly-common/1.5.4.Final-format-001/wildfly-common-1.5.4.Final-format-001.jar:/Users/emilesteenkamp/.m2/repository/io/quarkus/gizmo/gizmo/1.6.1.Final/gizmo-1.6.1.Final.jar:/Users/emilesteenkamp/.m2/repository/org/ow2/asm/asm-util/9.5/asm-util-9.5.jar:/Users/emilesteenkamp/.m2/repository/org/ow2/asm/asm-analysis/9.5/asm-analysis-9.5.jar:/Users/emilesteenkamp/.m2/repository/io/smallrye/jandex/3.1.2/jandex-3.1.2.jar:/Users/emilesteenkamp/.m2/repository/org/ow2/asm/asm/9.5/asm-9.5.jar:/Users/emilesteenkamp/.m2/repository/org/ow2/asm/asm-commons/9.5/asm-commons-9.5.jar:/Users/emilesteenkamp/.m2/repository/org/ow2/asm/asm-tree/9.5/asm-tree-9.5.jar:/Users/emilesteenkamp/.m2/repository/io/quarkus/quarkus-development-mode-spi/3.2.2.Final/quarkus-development-mode-spi-3.2.2.Final.jar:/Users/emilesteenkamp/.m2/repository/io/quarkus/quarkus-class-change-agent/3.2.2.Final/quarkus-class-change-agent-3.2.2.Final.jar:/Users/emilesteenkamp/.m2/repository/io/quarkus/quarkus-bootstrap-core/3.2.2.Final/quarkus-bootstrap-core-3.2.2.Final.jar:/Users/emilesteenkamp/.m2/repository/io/quarkus/quarkus-bootstrap-app-model/3.2.2.Final/quarkus-bootstrap-app-model-3.2.2.Final.jar:/Users/emilesteenkamp/.m2/repository/io/smallrye/common/smallrye-common-io/2.1.0/smallrye-common-io-2.1.0.jar:/Users/emilesteenkamp/.m2/repository/org/eclipse/sisu/org.eclipse.sisu.inject/0.3.5/org.eclipse.sisu.inject-0.3.5.jar:/Users/emilesteenkamp/.m2/repository/io/quarkus/quarkus-builder/3.2.2.Final/quarkus-builder-3.2.2.Final.jar:/Users/emilesteenkamp/.m2/repository/org/graalvm/sdk/graal-sdk/22.3.2/graal-sdk-22.3.2.jar:/Users/emilesteenkamp/.m2/repository/org/junit/platform/junit-platform-launcher/1.9.3/junit-platform-launcher-1.9.3.jar:/Users/emilesteenkamp/.m2/repository/org/junit/jupiter/junit-jupiter/5.9.3/junit-jupiter-5.9.3.jar:/Users/emilesteenkamp/.m2/repository/io/quarkus/quarkus-smallrye-context-propagation-spi/3.2.2.Final/quarkus-smallrye-context-propagation-spi-3.2.2.Final.jar:/Users/emilesteenkamp/.m2/repository/org/eclipse/microprofile/context-propagation/microprofile-context-propagation-api/1.3/microprofile-context-propagation-api-1.3.jar:/Users/emilesteenkamp/.m2/repository/io/quarkus/quarkus-vertx-http-dev-console-spi/3.2.2.Final/quarkus-vertx-http-dev-console-spi-3.2.2.Final.jar:/Users/emilesteenkamp/.m2/repository/io/quarkus/quarkus-vertx-http-dev-console-runtime-spi/3.2.2.Final/quarkus-vertx-http-dev-console-runtime-spi-3.2.2.Final.jar:/Users/emilesteenkamp/.m2/repository/io/quarkus/arc/arc/3.2.2.Final/arc-3.2.2.Final.jar:/Users/emilesteenkamp/.m2/repository/jakarta/transaction/jakarta.transaction-api/2.0.1/jakarta.transaction-api-2.0.1.jar:/Users/emilesteenkamp/.m2/repository/io/smallrye/reactive/mutiny/2.3.1/mutiny-2.3.1.jar:/Users/emilesteenkamp/.m2/repository/io/smallrye/common/smallrye-common-annotation/2.1.0/smallrye-common-annotation-2.1.0.jar:/Users/emilesteenkamp/.m2/repository/io/vertx/vertx-web/4.4.4/vertx-web-4.4.4.jar:/Users/emilesteenkamp/.m2/repository/io/vertx/vertx-web-common/4.4.4/vertx-web-common-4.4.4.jar:/Users/emilesteenkamp/.m2/repository/io/vertx/vertx-auth-common/4.4.4/vertx-auth-common-4.4.4.jar:/Users/emilesteenkamp/.m2/repository/io/vertx/vertx-bridge-common/4.4.4/vertx-bridge-common-4.4.4.jar:/Users/emilesteenkamp/.m2/repository/io/vertx/vertx-core/4.4.4/vertx-core-4.4.4.jar:/Users/emilesteenkamp/.m2/repository/io/netty/netty-common/4.1.94.Final/netty-common-4.1.94.Final.jar:/Users/emilesteenkamp/.m2/repository/io/netty/netty-buffer/4.1.94.Final/netty-buffer-4.1.94.Final.jar:/Users/emilesteenkamp/.m2/repository/io/netty/netty-transport/4.1.94.Final/netty-transport-4.1.94.Final.jar:/Users/emilesteenkamp/.m2/repository/io/netty/netty-handler/4.1.94.Final/netty-handler-4.1.94.Final.jar:/Users/emilesteenkamp/.m2/repository/io/netty/netty-transport-native-unix-common/4.1.94.Final/netty-transport-native-unix-common-4.1.94.Final.jar:/Users/emilesteenkamp/.m2/repository/io/netty/netty-codec/4.1.94.Final/netty-codec-4.1.94.Final.jar:/Users/emilesteenkamp/.m2/repository/io/netty/netty-handler-proxy/4.1.94.Final/netty-handler-proxy-4.1.94.Final.jar:/Users/emilesteenkamp/.m2/repository/io/netty/netty-codec-socks/4.1.94.Final/netty-codec-socks-4.1.94.Final.jar:/Users/emilesteenkamp/.m2/repository/io/netty/netty-codec-http/4.1.94.Final/netty-codec-http-4.1.94.Final.jar:/Users/emilesteenkamp/.m2/repository/io/netty/netty-codec-http2/4.1.94.Final/netty-codec-http2-4.1.94.Final.jar:/Users/emilesteenkamp/.m2/repository/io/netty/netty-resolver/4.1.94.Final/netty-resolver-4.1.94.Final.jar:/Users/emilesteenkamp/.m2/repository/io/netty/netty-resolver-dns/4.1.94.Final/netty-resolver-dns-4.1.94.Final.jar:/Users/emilesteenkamp/.m2/repository/io/netty/netty-codec-dns/4.1.94.Final/netty-codec-dns-4.1.94.Final.jar:/Users/emilesteenkamp/.m2/repository/com/fasterxml/jackson/core/jackson-core/2.15.2/jackson-core-2.15.2.jar:/Users/emilesteenkamp/.m2/repository/io/quarkus/quarkus-vertx-http-dev-ui-spi/3.2.2.Final/quarkus-vertx-http-dev-ui-spi-3.2.2.Final.jar:/Users/emilesteenkamp/.m2/repository/io/quarkus/quarkus-arc/3.2.2.Final/quarkus-arc-3.2.2.Final.jar:/Users/emilesteenkamp/.m2/repository/io/quarkus/arc/arc-processor/3.2.2.Final/arc-processor-3.2.2.Final.jar:/Users/emilesteenkamp/.m2/repository/org/jboss/logging/jboss-logging/3.5.1.Final/jboss-logging-3.5.1.Final.jar:/Users/emilesteenkamp/.m2/repository/jakarta/annotation/jakarta.annotation-api/2.1.1/jakarta.annotation-api-2.1.1.jar:/Users/emilesteenkamp/Repository/github.com/underpaid/quarkus-scripting/runtime/target/quarkus-scripting-1.0.0-SNAPSHOT.jar:/Users/emilesteenkamp/.m2/repository/io/quarkus/quarkus-junit5-internal/3.2.2.Final/quarkus-junit5-internal-3.2.2.Final.jar:/Users/emilesteenkamp/.m2/repository/org/jboss/shrinkwrap/shrinkwrap-api/1.2.6/shrinkwrap-api-1.2.6.jar:/Users/emilesteenkamp/.m2/repository/org/jboss/shrinkwrap/shrinkwrap-spi/1.2.6/shrinkwrap-spi-1.2.6.jar:/Users/emilesteenkamp/.m2/repository/org/jboss/shrinkwrap/shrinkwrap-impl-base/1.2.6/shrinkwrap-impl-base-1.2.6.jar:/Users/emilesteenkamp/.m2/repository/org/junit/jupiter/junit-jupiter-api/5.9.3/junit-jupiter-api-5.9.3.jar:/Users/emilesteenkamp/.m2/repository/org/opentest4j/opentest4j/1.2.0/opentest4j-1.2.0.jar:/Users/emilesteenkamp/.m2/repository/org/junit/platform/junit-platform-commons/1.9.3/junit-platform-commons-1.9.3.jar:/Users/emilesteenkamp/.m2/repository/org/apiguardian/apiguardian-api/1.1.2/apiguardian-api-1.1.2.jar:/Users/emilesteenkamp/.m2/repository/org/junit/jupiter/junit-jupiter-params/5.9.3/junit-jupiter-params-5.9.3.jar:/Users/emilesteenkamp/.m2/repository/org/junit/jupiter/junit-jupiter-engine/5.9.3/junit-jupiter-engine-5.9.3.jar:/Users/emilesteenkamp/.m2/repository/org/junit/platform/junit-platform-engine/1.9.3/junit-platform-engine-1.9.3.jar:/Users/emilesteenkamp/.m2/repository/io/quarkus/quarkus-core/3.2.2.Final/quarkus-core-3.2.2.Final.jar:/Users/emilesteenkamp/.m2/repository/jakarta/inject/jakarta.inject-api/2.0.1/jakarta.inject-api-2.0.1.jar:/Users/emilesteenkamp/.m2/repository/io/smallrye/common/smallrye-common-os/2.1.0/smallrye-common-os-2.1.0.jar:/Users/emilesteenkamp/.m2/repository/io/quarkus/quarkus-ide-launcher/3.2.2.Final/quarkus-ide-launcher-3.2.2.Final.jar:/Users/emilesteenkamp/.m2/repository/io/smallrye/config/smallrye-config/3.3.2/smallrye-config-3.3.2.jar:/Users/emilesteenkamp/.m2/repository/io/smallrye/config/smallrye-config-core/3.3.2/smallrye-config-core-3.3.2.jar:/Users/emilesteenkamp/.m2/repository/org/eclipse/microprofile/config/microprofile-config-api/3.0.3/microprofile-config-api-3.0.3.jar:/Users/emilesteenkamp/.m2/repository/io/smallrye/common/smallrye-common-expression/2.1.0/smallrye-common-expression-2.1.0.jar:/Users/emilesteenkamp/.m2/repository/io/smallrye/common/smallrye-common-function/2.1.0/smallrye-common-function-2.1.0.jar:/Users/emilesteenkamp/.m2/repository/io/smallrye/common/smallrye-common-constraint/2.1.0/smallrye-common-constraint-2.1.0.jar:/Users/emilesteenkamp/.m2/repository/io/smallrye/common/smallrye-common-classloader/2.1.0/smallrye-common-classloader-2.1.0.jar:/Users/emilesteenkamp/.m2/repository/io/smallrye/config/smallrye-config-common/3.3.2/smallrye-config-common-3.3.2.jar:/Users/emilesteenkamp/.m2/repository/org/jboss/logmanager/jboss-logmanager-embedded/1.1.1/jboss-logmanager-embedded-1.1.1.jar:/Users/emilesteenkamp/.m2/repository/org/jboss/logging/jboss-logging-annotations/2.2.1.Final/jboss-logging-annotations-2.2.1.Final.jar:/Users/emilesteenkamp/.m2/repository/org/jboss/threads/jboss-threads/3.5.0.Final/jboss-threads-3.5.0.Final.jar:/Users/emilesteenkamp/.m2/repository/org/slf4j/slf4j-api/2.0.6/slf4j-api-2.0.6.jar:/Users/emilesteenkamp/.m2/repository/org/jboss/slf4j/slf4j-jboss-logmanager/2.0.0.Final/slf4j-jboss-logmanager-2.0.0.Final.jar:/Users/emilesteenkamp/.m2/repository/io/quarkus/quarkus-bootstrap-runner/3.2.2.Final/quarkus-bootstrap-runner-3.2.2.Final.jar:/Users/emilesteenkamp/.m2/repository/io/github/crac/org-crac/0.1.3/org-crac-0.1.3.jar:/Users/emilesteenkamp/.m2/repository/io/quarkus/quarkus-fs-util/0.0.9/quarkus-fs-util-0.0.9.jar:/Users/emilesteenkamp/.m2/repository/io/quarkus/quarkus-test-common/3.2.2.Final/quarkus-test-common-3.2.2.Final.jar:/Users/emilesteenkamp/.m2/repository/io/quarkus/quarkus-bootstrap-maven-resolver/3.2.2.Final/quarkus-bootstrap-maven-resolver-3.2.2.Final.jar:/Users/emilesteenkamp/.m2/repository/io/smallrye/beanbag/smallrye-beanbag-maven/1.3.2/smallrye-beanbag-maven-1.3.2.jar:/Users/emilesteenkamp/.m2/repository/io/smallrye/beanbag/smallrye-beanbag-sisu/1.3.2/smallrye-beanbag-sisu-1.3.2.jar:/Users/emilesteenkamp/.m2/repository/io/smallrye/beanbag/smallrye-beanbag/1.3.2/smallrye-beanbag-1.3.2.jar:/Users/emilesteenkamp/.m2/repository/commons-codec/commons-codec/1.16.0/commons-codec-1.16.0.jar:/Users/emilesteenkamp/.m2/repository/javax/inject/javax.inject/1/javax.inject-1.jar:/Users/emilesteenkamp/.m2/repository/org/apache/httpcomponents/httpclient/4.5.14/httpclient-4.5.14.jar:/Users/emilesteenkamp/.m2/repository/org/apache/httpcomponents/httpcore/4.4.16/httpcore-4.4.16.jar:/Users/emilesteenkamp/.m2/repository/org/apache/maven/maven-artifact/3.9.3/maven-artifact-3.9.3.jar:/Users/emilesteenkamp/.m2/repository/org/apache/maven/maven-builder-support/3.9.3/maven-builder-support-3.9.3.jar:/Users/emilesteenkamp/.m2/repository/org/apache/maven/maven-model/3.9.3/maven-model-3.9.3.jar:/Users/emilesteenkamp/.m2/repository/org/apache/maven/maven-model-builder/3.9.3/maven-model-builder-3.9.3.jar:/Users/emilesteenkamp/.m2/repository/org/apache/maven/maven-repository-metadata/3.9.3/maven-repository-metadata-3.9.3.jar:/Users/emilesteenkamp/.m2/repository/org/apache/maven/maven-settings/3.9.3/maven-settings-3.9.3.jar:/Users/emilesteenkamp/.m2/repository/org/apache/maven/resolver/maven-resolver-api/1.9.13/maven-resolver-api-1.9.13.jar:/Users/emilesteenkamp/.m2/repository/org/apache/maven/resolver/maven-resolver-impl/1.9.13/maven-resolver-impl-1.9.13.jar:/Users/emilesteenkamp/.m2/repository/org/apache/maven/resolver/maven-resolver-named-locks/1.9.13/maven-resolver-named-locks-1.9.13.jar:/Users/emilesteenkamp/.m2/repository/org/apache/maven/resolver/maven-resolver-spi/1.9.13/maven-resolver-spi-1.9.13.jar:/Users/emilesteenkamp/.m2/repository/org/apache/maven/resolver/maven-resolver-util/1.9.13/maven-resolver-util-1.9.13.jar:/Users/emilesteenkamp/.m2/repository/org/apache/maven/resolver/maven-resolver-transport-http/1.9.10/maven-resolver-transport-http-1.9.10.jar:/Users/emilesteenkamp/.m2/repository/org/apache/maven/wagon/wagon-provider-api/3.5.3/wagon-provider-api-3.5.3.jar:/Users/emilesteenkamp/.m2/repository/org/apache/maven/wagon/wagon-http-shared/3.5.3/wagon-http-shared-3.5.3.jar:/Users/emilesteenkamp/.m2/repository/org/codehaus/plexus/plexus-interpolation/1.26/plexus-interpolation-1.26.jar:/Users/emilesteenkamp/.m2/repository/org/codehaus/plexus/plexus-utils/3.5.1/plexus-utils-3.5.1.jar:/Users/emilesteenkamp/.m2/repository/org/codehaus/plexus/plexus-xml/4.0.0/plexus-xml-4.0.0.jar:/Users/emilesteenkamp/.m2/repository/org/apache/maven/maven-xml-impl/4.0.0-alpha-5/maven-xml-impl-4.0.0-alpha-5.jar:/Users/emilesteenkamp/.m2/repository/org/apache/maven/maven-api-xml/4.0.0-alpha-5/maven-api-xml-4.0.0-alpha-5.jar:/Users/emilesteenkamp/.m2/repository/org/apache/maven/maven-api-meta/4.0.0-alpha-5/maven-api-meta-4.0.0-alpha-5.jar:/Users/emilesteenkamp/.m2/repository/org/codehaus/plexus/plexus-cipher/2.0/plexus-cipher-2.0.jar:/Users/emilesteenkamp/.m2/repository/org/codehaus/plexus/plexus-sec-dispatcher/2.0/plexus-sec-dispatcher-2.0.jar:/Users/emilesteenkamp/.m2/repository/org/apache/maven/maven-embedder/3.9.3/maven-embedder-3.9.3.jar:/Users/emilesteenkamp/.m2/repository/org/apache/maven/maven-core/3.9.3/maven-core-3.9.3.jar:/Users/emilesteenkamp/.m2/repository/org/codehaus/plexus/plexus-component-annotations/2.1.0/plexus-component-annotations-2.1.0.jar:/Users/emilesteenkamp/.m2/repository/org/apache/maven/maven-plugin-api/3.9.3/maven-plugin-api-3.9.3.jar:/Users/emilesteenkamp/.m2/repository/org/apache/maven/shared/maven-shared-utils/3.3.4/maven-shared-utils-3.3.4.jar:/Users/emilesteenkamp/.m2/repository/com/google/inject/guice/5.1.0/guice-5.1.0.jar:/Users/emilesteenkamp/.m2/repository/aopalliance/aopalliance/1.0/aopalliance-1.0.jar:/Users/emilesteenkamp/.m2/repository/com/google/guava/guava/32.0.0-jre/guava-32.0.0-jre.jar:/Users/emilesteenkamp/.m2/repository/com/google/guava/failureaccess/1.0.1/failureaccess-1.0.1.jar:/Users/emilesteenkamp/.m2/repository/javax/annotation/javax.annotation-api/1.3.2/javax.annotation-api-1.3.2.jar:/Users/emilesteenkamp/.m2/repository/org/codehaus/plexus/plexus-classworlds/2.6.0/plexus-classworlds-2.6.0.jar:/Users/emilesteenkamp/.m2/repository/commons-cli/commons-cli/1.5.0/commons-cli-1.5.0.jar:/Users/emilesteenkamp/.m2/repository/org/eclipse/sisu/org.eclipse.sisu.plexus/0.3.5/org.eclipse.sisu.plexus-0.3.5.jar:/Users/emilesteenkamp/.m2/repository/org/apache/maven/maven-settings-builder/3.9.3/maven-settings-builder-3.9.3.jar:/Users/emilesteenkamp/.m2/repository/org/apache/maven/maven-resolver-provider/3.9.3/maven-resolver-provider-3.9.3.jar:/Users/emilesteenkamp/.m2/repository/org/apache/maven/resolver/maven-resolver-connector-basic/1.9.13/maven-resolver-connector-basic-1.9.13.jar:/Users/emilesteenkamp/.m2/repository/org/apache/maven/resolver/maven-resolver-transport-wagon/1.9.13/maven-resolver-transport-wagon-1.9.13.jar:/Users/emilesteenkamp/.m2/repository/org/apache/maven/wagon/wagon-http/3.5.3/wagon-http-3.5.3.jar:/Users/emilesteenkamp/.m2/repository/org/apache/maven/wagon/wagon-file/3.5.3/wagon-file-3.5.3.jar:/Users/emilesteenkamp/.m2/repository/io/quarkus/quarkus-bootstrap-gradle-resolver/3.2.2.Final/quarkus-bootstrap-gradle-resolver-3.2.2.Final.jar:/Users/emilesteenkamp/.m2/repository/commons-io/commons-io/2.13.0/commons-io-2.13.0.jar:/Users/emilesteenkamp/.m2/repository/org/jboss/logging/commons-logging-jboss-logging/1.0.0.Final/commons-logging-jboss-logging-1.0.0.Final.jar:/Users/emilesteenkamp/.m2/repository/jakarta/enterprise/jakarta.enterprise.cdi-api/4.0.1/jakarta.enterprise.cdi-api-4.0.1.jar:/Users/emilesteenkamp/.m2/repository/jakarta/enterprise/jakarta.enterprise.lang-model/4.0.1/jakarta.enterprise.lang-model-4.0.1.jar:/Users/emilesteenkamp/.m2/repository/jakarta/el/jakarta.el-api/5.0.1/jakarta.el-api-5.0.1.jar:/Users/emilesteenkamp/.m2/repository/jakarta/interceptor/jakarta.interceptor-api/2.1.0/jakarta.interceptor-api-2.1.0.jar:/Users/emilesteenkamp/.m2/repository/io/quarkus/quarkus-devtools-utilities/3.2.2.Final/quarkus-devtools-utilities-3.2.2.Final.jar:/Users/emilesteenkamp/.m2/repository/org/awaitility/awaitility/4.2.0/awaitility-4.2.0.jar:/Users/emilesteenkamp/.m2/repository/org/hamcrest/hamcrest/2.1/hamcrest-2.1.jar:"/>
    <property name="java.vm.vendor" value="Homebrew"/>
    <property name="sun.arch.data.model" value="64"/>
    <property name="quarkusRegistryClient" value="true"/>
    <property name="java.vendor.url" value="https://github.com/Homebrew/homebrew-core/issues"/>
    <property name="user.timezone" value="Europe/Amsterdam"/>
    <property name="logging.initial-configurator.min-level" value="500"/>
    <property name="os.name" value="Mac OS X"/>
    <property name="java.vm.specification.version" value="20"/>
    <property name="sun.java.launcher" value="SUN_STANDARD"/>
    <property name="user.country" value="NL"/>
    <property name="sun.boot.library.path" value="/opt/homebrew/Cellar/openjdk/20.0.1/libexec/openjdk.jdk/Contents/Home/lib"/>
    <property name="sun.java.command" value="/Users/emilesteenkamp/Repository/github.com/underpaid/quarkus-scripting/deployment/target/surefire/surefirebooter-20230724102657852_3.jar /Users/emilesteenkamp/Repository/github.com/underpaid/quarkus-scripting/deployment/target/surefire 2023-07-24T10-26-57_186-jvmRun1 surefire-20230724102657852_1tmp surefire_0-20230724102657852_2tmp"/>
    <property name="http.nonProxyHosts" value="local|*.local|169.254/16|*.169.254/16"/>
    <property name="jdk.debug" value="release"/>
    <property name="maven.home" value="/opt/homebrew/Cellar/maven/3.9.2/libexec"/>
    <property name="surefire.test.class.path" value="/Users/emilesteenkamp/Repository/github.com/underpaid/quarkus-scripting/deployment/target/test-classes:/Users/emilesteenkamp/Repository/github.com/underpaid/quarkus-scripting/deployment/target/classes:/Users/emilesteenkamp/.m2/repository/io/quarkus/quarkus-arc-deployment/3.2.2.Final/quarkus-arc-deployment-3.2.2.Final.jar:/Users/emilesteenkamp/.m2/repository/io/quarkus/quarkus-core-deployment/3.2.2.Final/quarkus-core-deployment-3.2.2.Final.jar:/Users/emilesteenkamp/.m2/repository/org/aesh/readline/2.4/readline-2.4.jar:/Users/emilesteenkamp/.m2/repository/org/fusesource/jansi/jansi/2.4.0/jansi-2.4.0.jar:/Users/emilesteenkamp/.m2/repository/org/aesh/aesh/2.7/aesh-2.7.jar:/Users/emilesteenkamp/.m2/repository/org/apache/commons/commons-lang3/3.12.0/commons-lang3-3.12.0.jar:/Users/emilesteenkamp/.m2/repository/org/wildfly/common/wildfly-common/1.5.4.Final-format-001/wildfly-common-1.5.4.Final-format-001.jar:/Users/emilesteenkamp/.m2/repository/io/quarkus/gizmo/gizmo/1.6.1.Final/gizmo-1.6.1.Final.jar:/Users/emilesteenkamp/.m2/repository/org/ow2/asm/asm-util/9.5/asm-util-9.5.jar:/Users/emilesteenkamp/.m2/repository/org/ow2/asm/asm-analysis/9.5/asm-analysis-9.5.jar:/Users/emilesteenkamp/.m2/repository/io/smallrye/jandex/3.1.2/jandex-3.1.2.jar:/Users/emilesteenkamp/.m2/repository/org/ow2/asm/asm/9.5/asm-9.5.jar:/Users/emilesteenkamp/.m2/repository/org/ow2/asm/asm-commons/9.5/asm-commons-9.5.jar:/Users/emilesteenkamp/.m2/repository/org/ow2/asm/asm-tree/9.5/asm-tree-9.5.jar:/Users/emilesteenkamp/.m2/repository/io/quarkus/quarkus-development-mode-spi/3.2.2.Final/quarkus-development-mode-spi-3.2.2.Final.jar:/Users/emilesteenkamp/.m2/repository/io/quarkus/quarkus-class-change-agent/3.2.2.Final/quarkus-class-change-agent-3.2.2.Final.jar:/Users/emilesteenkamp/.m2/repository/io/quarkus/quarkus-bootstrap-core/3.2.2.Final/quarkus-bootstrap-core-3.2.2.Final.jar:/Users/emilesteenkamp/.m2/repository/io/quarkus/quarkus-bootstrap-app-model/3.2.2.Final/quarkus-bootstrap-app-model-3.2.2.Final.jar:/Users/emilesteenkamp/.m2/repository/io/smallrye/common/smallrye-common-io/2.1.0/smallrye-common-io-2.1.0.jar:/Users/emilesteenkamp/.m2/repository/org/eclipse/sisu/org.eclipse.sisu.inject/0.3.5/org.eclipse.sisu.inject-0.3.5.jar:/Users/emilesteenkamp/.m2/repository/io/quarkus/quarkus-builder/3.2.2.Final/quarkus-builder-3.2.2.Final.jar:/Users/emilesteenkamp/.m2/repository/org/graalvm/sdk/graal-sdk/22.3.2/graal-sdk-22.3.2.jar:/Users/emilesteenkamp/.m2/repository/org/junit/platform/junit-platform-launcher/1.9.3/junit-platform-launcher-1.9.3.jar:/Users/emilesteenkamp/.m2/repository/org/junit/jupiter/junit-jupiter/5.9.3/junit-jupiter-5.9.3.jar:/Users/emilesteenkamp/.m2/repository/io/quarkus/quarkus-smallrye-context-propagation-spi/3.2.2.Final/quarkus-smallrye-context-propagation-spi-3.2.2.Final.jar:/Users/emilesteenkamp/.m2/repository/org/eclipse/microprofile/context-propagation/microprofile-context-propagation-api/1.3/microprofile-context-propagation-api-1.3.jar:/Users/emilesteenkamp/.m2/repository/io/quarkus/quarkus-vertx-http-dev-console-spi/3.2.2.Final/quarkus-vertx-http-dev-console-spi-3.2.2.Final.jar:/Users/emilesteenkamp/.m2/repository/io/quarkus/quarkus-vertx-http-dev-console-runtime-spi/3.2.2.Final/quarkus-vertx-http-dev-console-runtime-spi-3.2.2.Final.jar:/Users/emilesteenkamp/.m2/repository/io/quarkus/arc/arc/3.2.2.Final/arc-3.2.2.Final.jar:/Users/emilesteenkamp/.m2/repository/jakarta/transaction/jakarta.transaction-api/2.0.1/jakarta.transaction-api-2.0.1.jar:/Users/emilesteenkamp/.m2/repository/io/smallrye/reactive/mutiny/2.3.1/mutiny-2.3.1.jar:/Users/emilesteenkamp/.m2/repository/io/smallrye/common/smallrye-common-annotation/2.1.0/smallrye-common-annotation-2.1.0.jar:/Users/emilesteenkamp/.m2/repository/io/vertx/vertx-web/4.4.4/vertx-web-4.4.4.jar:/Users/emilesteenkamp/.m2/repository/io/vertx/vertx-web-common/4.4.4/vertx-web-common-4.4.4.jar:/Users/emilesteenkamp/.m2/repository/io/vertx/vertx-auth-common/4.4.4/vertx-auth-common-4.4.4.jar:/Users/emilesteenkamp/.m2/repository/io/vertx/vertx-bridge-common/4.4.4/vertx-bridge-common-4.4.4.jar:/Users/emilesteenkamp/.m2/repository/io/vertx/vertx-core/4.4.4/vertx-core-4.4.4.jar:/Users/emilesteenkamp/.m2/repository/io/netty/netty-common/4.1.94.Final/netty-common-4.1.94.Final.jar:/Users/emilesteenkamp/.m2/repository/io/netty/netty-buffer/4.1.94.Final/netty-buffer-4.1.94.Final.jar:/Users/emilesteenkamp/.m2/repository/io/netty/netty-transport/4.1.94.Final/netty-transport-4.1.94.Final.jar:/Users/emilesteenkamp/.m2/repository/io/netty/netty-handler/4.1.94.Final/netty-handler-4.1.94.Final.jar:/Users/emilesteenkamp/.m2/repository/io/netty/netty-transport-native-unix-common/4.1.94.Final/netty-transport-native-unix-common-4.1.94.Final.jar:/Users/emilesteenkamp/.m2/repository/io/netty/netty-codec/4.1.94.Final/netty-codec-4.1.94.Final.jar:/Users/emilesteenkamp/.m2/repository/io/netty/netty-handler-proxy/4.1.94.Final/netty-handler-proxy-4.1.94.Final.jar:/Users/emilesteenkamp/.m2/repository/io/netty/netty-codec-socks/4.1.94.Final/netty-codec-socks-4.1.94.Final.jar:/Users/emilesteenkamp/.m2/repository/io/netty/netty-codec-http/4.1.94.Final/netty-codec-http-4.1.94.Final.jar:/Users/emilesteenkamp/.m2/repository/io/netty/netty-codec-http2/4.1.94.Final/netty-codec-http2-4.1.94.Final.jar:/Users/emilesteenkamp/.m2/repository/io/netty/netty-resolver/4.1.94.Final/netty-resolver-4.1.94.Final.jar:/Users/emilesteenkamp/.m2/repository/io/netty/netty-resolver-dns/4.1.94.Final/netty-resolver-dns-4.1.94.Final.jar:/Users/emilesteenkamp/.m2/repository/io/netty/netty-codec-dns/4.1.94.Final/netty-codec-dns-4.1.94.Final.jar:/Users/emilesteenkamp/.m2/repository/com/fasterxml/jackson/core/jackson-core/2.15.2/jackson-core-2.15.2.jar:/Users/emilesteenkamp/.m2/repository/io/quarkus/quarkus-vertx-http-dev-ui-spi/3.2.2.Final/quarkus-vertx-http-dev-ui-spi-3.2.2.Final.jar:/Users/emilesteenkamp/.m2/repository/io/quarkus/quarkus-arc/3.2.2.Final/quarkus-arc-3.2.2.Final.jar:/Users/emilesteenkamp/.m2/repository/io/quarkus/arc/arc-processor/3.2.2.Final/arc-processor-3.2.2.Final.jar:/Users/emilesteenkamp/.m2/repository/org/jboss/logging/jboss-logging/3.5.1.Final/jboss-logging-3.5.1.Final.jar:/Users/emilesteenkamp/.m2/repository/jakarta/annotation/jakarta.annotation-api/2.1.1/jakarta.annotation-api-2.1.1.jar:/Users/emilesteenkamp/Repository/github.com/underpaid/quarkus-scripting/runtime/target/quarkus-scripting-1.0.0-SNAPSHOT.jar:/Users/emilesteenkamp/.m2/repository/io/quarkus/quarkus-junit5-internal/3.2.2.Final/quarkus-junit5-internal-3.2.2.Final.jar:/Users/emilesteenkamp/.m2/repository/org/jboss/shrinkwrap/shrinkwrap-api/1.2.6/shrinkwrap-api-1.2.6.jar:/Users/emilesteenkamp/.m2/repository/org/jboss/shrinkwrap/shrinkwrap-spi/1.2.6/shrinkwrap-spi-1.2.6.jar:/Users/emilesteenkamp/.m2/repository/org/jboss/shrinkwrap/shrinkwrap-impl-base/1.2.6/shrinkwrap-impl-base-1.2.6.jar:/Users/emilesteenkamp/.m2/repository/org/junit/jupiter/junit-jupiter-api/5.9.3/junit-jupiter-api-5.9.3.jar:/Users/emilesteenkamp/.m2/repository/org/opentest4j/opentest4j/1.2.0/opentest4j-1.2.0.jar:/Users/emilesteenkamp/.m2/repository/org/junit/platform/junit-platform-commons/1.9.3/junit-platform-commons-1.9.3.jar:/Users/emilesteenkamp/.m2/repository/org/apiguardian/apiguardian-api/1.1.2/apiguardian-api-1.1.2.jar:/Users/emilesteenkamp/.m2/repository/org/junit/jupiter/junit-jupiter-params/5.9.3/junit-jupiter-params-5.9.3.jar:/Users/emilesteenkamp/.m2/repository/org/junit/jupiter/junit-jupiter-engine/5.9.3/junit-jupiter-engine-5.9.3.jar:/Users/emilesteenkamp/.m2/repository/org/junit/platform/junit-platform-engine/1.9.3/junit-platform-engine-1.9.3.jar:/Users/emilesteenkamp/.m2/repository/io/quarkus/quarkus-core/3.2.2.Final/quarkus-core-3.2.2.Final.jar:/Users/emilesteenkamp/.m2/repository/jakarta/inject/jakarta.inject-api/2.0.1/jakarta.inject-api-2.0.1.jar:/Users/emilesteenkamp/.m2/repository/io/smallrye/common/smallrye-common-os/2.1.0/smallrye-common-os-2.1.0.jar:/Users/emilesteenkamp/.m2/repository/io/quarkus/quarkus-ide-launcher/3.2.2.Final/quarkus-ide-launcher-3.2.2.Final.jar:/Users/emilesteenkamp/.m2/repository/io/smallrye/config/smallrye-config/3.3.2/smallrye-config-3.3.2.jar:/Users/emilesteenkamp/.m2/repository/io/smallrye/config/smallrye-config-core/3.3.2/smallrye-config-core-3.3.2.jar:/Users/emilesteenkamp/.m2/repository/org/eclipse/microprofile/config/microprofile-config-api/3.0.3/microprofile-config-api-3.0.3.jar:/Users/emilesteenkamp/.m2/repository/io/smallrye/common/smallrye-common-expression/2.1.0/smallrye-common-expression-2.1.0.jar:/Users/emilesteenkamp/.m2/repository/io/smallrye/common/smallrye-common-function/2.1.0/smallrye-common-function-2.1.0.jar:/Users/emilesteenkamp/.m2/repository/io/smallrye/common/smallrye-common-constraint/2.1.0/smallrye-common-constraint-2.1.0.jar:/Users/emilesteenkamp/.m2/repository/io/smallrye/common/smallrye-common-classloader/2.1.0/smallrye-common-classloader-2.1.0.jar:/Users/emilesteenkamp/.m2/repository/io/smallrye/config/smallrye-config-common/3.3.2/smallrye-config-common-3.3.2.jar:/Users/emilesteenkamp/.m2/repository/org/jboss/logmanager/jboss-logmanager-embedded/1.1.1/jboss-logmanager-embedded-1.1.1.jar:/Users/emilesteenkamp/.m2/repository/org/jboss/logging/jboss-logging-annotations/2.2.1.Final/jboss-logging-annotations-2.2.1.Final.jar:/Users/emilesteenkamp/.m2/repository/org/jboss/threads/jboss-threads/3.5.0.Final/jboss-threads-3.5.0.Final.jar:/Users/emilesteenkamp/.m2/repository/org/slf4j/slf4j-api/2.0.6/slf4j-api-2.0.6.jar:/Users/emilesteenkamp/.m2/repository/org/jboss/slf4j/slf4j-jboss-logmanager/2.0.0.Final/slf4j-jboss-logmanager-2.0.0.Final.jar:/Users/emilesteenkamp/.m2/repository/io/quarkus/quarkus-bootstrap-runner/3.2.2.Final/quarkus-bootstrap-runner-3.2.2.Final.jar:/Users/emilesteenkamp/.m2/repository/io/github/crac/org-crac/0.1.3/org-crac-0.1.3.jar:/Users/emilesteenkamp/.m2/repository/io/quarkus/quarkus-fs-util/0.0.9/quarkus-fs-util-0.0.9.jar:/Users/emilesteenkamp/.m2/repository/io/quarkus/quarkus-test-common/3.2.2.Final/quarkus-test-common-3.2.2.Final.jar:/Users/emilesteenkamp/.m2/repository/io/quarkus/quarkus-bootstrap-maven-resolver/3.2.2.Final/quarkus-bootstrap-maven-resolver-3.2.2.Final.jar:/Users/emilesteenkamp/.m2/repository/io/smallrye/beanbag/smallrye-beanbag-maven/1.3.2/smallrye-beanbag-maven-1.3.2.jar:/Users/emilesteenkamp/.m2/repository/io/smallrye/beanbag/smallrye-beanbag-sisu/1.3.2/smallrye-beanbag-sisu-1.3.2.jar:/Users/emilesteenkamp/.m2/repository/io/smallrye/beanbag/smallrye-beanbag/1.3.2/smallrye-beanbag-1.3.2.jar:/Users/emilesteenkamp/.m2/repository/commons-codec/commons-codec/1.16.0/commons-codec-1.16.0.jar:/Users/emilesteenkamp/.m2/repository/javax/inject/javax.inject/1/javax.inject-1.jar:/Users/emilesteenkamp/.m2/repository/org/apache/httpcomponents/httpclient/4.5.14/httpclient-4.5.14.jar:/Users/emilesteenkamp/.m2/repository/org/apache/httpcomponents/httpcore/4.4.16/httpcore-4.4.16.jar:/Users/emilesteenkamp/.m2/repository/org/apache/maven/maven-artifact/3.9.3/maven-artifact-3.9.3.jar:/Users/emilesteenkamp/.m2/repository/org/apache/maven/maven-builder-support/3.9.3/maven-builder-support-3.9.3.jar:/Users/emilesteenkamp/.m2/repository/org/apache/maven/maven-model/3.9.3/maven-model-3.9.3.jar:/Users/emilesteenkamp/.m2/repository/org/apache/maven/maven-model-builder/3.9.3/maven-model-builder-3.9.3.jar:/Users/emilesteenkamp/.m2/repository/org/apache/maven/maven-repository-metadata/3.9.3/maven-repository-metadata-3.9.3.jar:/Users/emilesteenkamp/.m2/repository/org/apache/maven/maven-settings/3.9.3/maven-settings-3.9.3.jar:/Users/emilesteenkamp/.m2/repository/org/apache/maven/resolver/maven-resolver-api/1.9.13/maven-resolver-api-1.9.13.jar:/Users/emilesteenkamp/.m2/repository/org/apache/maven/resolver/maven-resolver-impl/1.9.13/maven-resolver-impl-1.9.13.jar:/Users/emilesteenkamp/.m2/repository/org/apache/maven/resolver/maven-resolver-named-locks/1.9.13/maven-resolver-named-locks-1.9.13.jar:/Users/emilesteenkamp/.m2/repository/org/apache/maven/resolver/maven-resolver-spi/1.9.13/maven-resolver-spi-1.9.13.jar:/Users/emilesteenkamp/.m2/repository/org/apache/maven/resolver/maven-resolver-util/1.9.13/maven-resolver-util-1.9.13.jar:/Users/emilesteenkamp/.m2/repository/org/apache/maven/resolver/maven-resolver-transport-http/1.9.10/maven-resolver-transport-http-1.9.10.jar:/Users/emilesteenkamp/.m2/repository/org/apache/maven/wagon/wagon-provider-api/3.5.3/wagon-provider-api-3.5.3.jar:/Users/emilesteenkamp/.m2/repository/org/apache/maven/wagon/wagon-http-shared/3.5.3/wagon-http-shared-3.5.3.jar:/Users/emilesteenkamp/.m2/repository/org/codehaus/plexus/plexus-interpolation/1.26/plexus-interpolation-1.26.jar:/Users/emilesteenkamp/.m2/repository/org/codehaus/plexus/plexus-utils/3.5.1/plexus-utils-3.5.1.jar:/Users/emilesteenkamp/.m2/repository/org/codehaus/plexus/plexus-xml/4.0.0/plexus-xml-4.0.0.jar:/Users/emilesteenkamp/.m2/repository/org/apache/maven/maven-xml-impl/4.0.0-alpha-5/maven-xml-impl-4.0.0-alpha-5.jar:/Users/emilesteenkamp/.m2/repository/org/apache/maven/maven-api-xml/4.0.0-alpha-5/maven-api-xml-4.0.0-alpha-5.jar:/Users/emilesteenkamp/.m2/repository/org/apache/maven/maven-api-meta/4.0.0-alpha-5/maven-api-meta-4.0.0-alpha-5.jar:/Users/emilesteenkamp/.m2/repository/org/codehaus/plexus/plexus-cipher/2.0/plexus-cipher-2.0.jar:/Users/emilesteenkamp/.m2/repository/org/codehaus/plexus/plexus-sec-dispatcher/2.0/plexus-sec-dispatcher-2.0.jar:/Users/emilesteenkamp/.m2/repository/org/apache/maven/maven-embedder/3.9.3/maven-embedder-3.9.3.jar:/Users/emilesteenkamp/.m2/repository/org/apache/maven/maven-core/3.9.3/maven-core-3.9.3.jar:/Users/emilesteenkamp/.m2/repository/org/codehaus/plexus/plexus-component-annotations/2.1.0/plexus-component-annotations-2.1.0.jar:/Users/emilesteenkamp/.m2/repository/org/apache/maven/maven-plugin-api/3.9.3/maven-plugin-api-3.9.3.jar:/Users/emilesteenkamp/.m2/repository/org/apache/maven/shared/maven-shared-utils/3.3.4/maven-shared-utils-3.3.4.jar:/Users/emilesteenkamp/.m2/repository/com/google/inject/guice/5.1.0/guice-5.1.0.jar:/Users/emilesteenkamp/.m2/repository/aopalliance/aopalliance/1.0/aopalliance-1.0.jar:/Users/emilesteenkamp/.m2/repository/com/google/guava/guava/32.0.0-jre/guava-32.0.0-jre.jar:/Users/emilesteenkamp/.m2/repository/com/google/guava/failureaccess/1.0.1/failureaccess-1.0.1.jar:/Users/emilesteenkamp/.m2/repository/javax/annotation/javax.annotation-api/1.3.2/javax.annotation-api-1.3.2.jar:/Users/emilesteenkamp/.m2/repository/org/codehaus/plexus/plexus-classworlds/2.6.0/plexus-classworlds-2.6.0.jar:/Users/emilesteenkamp/.m2/repository/commons-cli/commons-cli/1.5.0/commons-cli-1.5.0.jar:/Users/emilesteenkamp/.m2/repository/org/eclipse/sisu/org.eclipse.sisu.plexus/0.3.5/org.eclipse.sisu.plexus-0.3.5.jar:/Users/emilesteenkamp/.m2/repository/org/apache/maven/maven-settings-builder/3.9.3/maven-settings-builder-3.9.3.jar:/Users/emilesteenkamp/.m2/repository/org/apache/maven/maven-resolver-provider/3.9.3/maven-resolver-provider-3.9.3.jar:/Users/emilesteenkamp/.m2/repository/org/apache/maven/resolver/maven-resolver-connector-basic/1.9.13/maven-resolver-connector-basic-1.9.13.jar:/Users/emilesteenkamp/.m2/repository/org/apache/maven/resolver/maven-resolver-transport-wagon/1.9.13/maven-resolver-transport-wagon-1.9.13.jar:/Users/emilesteenkamp/.m2/repository/org/apache/maven/wagon/wagon-http/3.5.3/wagon-http-3.5.3.jar:/Users/emilesteenkamp/.m2/repository/org/apache/maven/wagon/wagon-file/3.5.3/wagon-file-3.5.3.jar:/Users/emilesteenkamp/.m2/repository/io/quarkus/quarkus-bootstrap-gradle-resolver/3.2.2.Final/quarkus-bootstrap-gradle-resolver-3.2.2.Final.jar:/Users/emilesteenkamp/.m2/repository/commons-io/commons-io/2.13.0/commons-io-2.13.0.jar:/Users/emilesteenkamp/.m2/repository/org/jboss/logging/commons-logging-jboss-logging/1.0.0.Final/commons-logging-jboss-logging-1.0.0.Final.jar:/Users/emilesteenkamp/.m2/repository/jakarta/enterprise/jakarta.enterprise.cdi-api/4.0.1/jakarta.enterprise.cdi-api-4.0.1.jar:/Users/emilesteenkamp/.m2/repository/jakarta/enterprise/jakarta.enterprise.lang-model/4.0.1/jakarta.enterprise.lang-model-4.0.1.jar:/Users/emilesteenkamp/.m2/repository/jakarta/el/jakarta.el-api/5.0.1/jakarta.el-api-5.0.1.jar:/Users/emilesteenkamp/.m2/repository/jakarta/interceptor/jakarta.interceptor-api/2.1.0/jakarta.interceptor-api-2.1.0.jar:/Users/emilesteenkamp/.m2/repository/io/quarkus/quarkus-devtools-utilities/3.2.2.Final/quarkus-devtools-utilities-3.2.2.Final.jar:/Users/emilesteenkamp/.m2/repository/org/awaitility/awaitility/4.2.0/awaitility-4.2.0.jar:/Users/emilesteenkamp/.m2/repository/org/hamcrest/hamcrest/2.1/hamcrest-2.1.jar:"/>
    <property name="sun.cpu.endian" value="little"/>
    <property name="user.home" value="/Users/emilesteenkamp"/>
    <property name="user.language" value="en"/>
    <property name="jboss.log-version" value="false"/>
    <property name="java.specification.vendor" value="Oracle Corporation"/>
    <property name="java.version.date" value="2023-04-18"/>
    <property name="java.home" value="/opt/homebrew/Cellar/openjdk/20.0.1/libexec/openjdk.jdk/Contents/Home"/>
    <property name="file.separator" value="/"/>
    <property name="basedir" value="/Users/emilesteenkamp/Repository/github.com/underpaid/quarkus-scripting/deployment"/>
    <property name="maven.repo" value="/Users/emilesteenkamp/.m2/repository"/>
    <property name="style.color" value="always"/>
    <property name="java.vm.compressedOopsMode" value="Zero based"/>
    <property name="line.separator" value="&#10;"/>
    <property name="java.vm.specification.vendor" value="Oracle Corporation"/>
    <property name="java.specification.name" value="Java Platform API Specification"/>
    <property name="java.nio.channels.DefaultThreadPool.threadFactory" value="io.quarkus.dev.io.NioThreadPoolThreadFactory"/>
    <property name="apple.awt.application.name" value="ForkedBooter"/>
    <property name="surefire.real.class.path" value="/Users/emilesteenkamp/Repository/github.com/underpaid/quarkus-scripting/deployment/target/surefire/surefirebooter-20230724102657852_3.jar"/>
    <property name="sun.management.compiler" value="HotSpot 64-Bit Tiered Compilers"/>
    <property name="ftp.nonProxyHosts" value="local|*.local|169.254/16|*.169.254/16"/>
    <property name="java.runtime.version" value="20.0.1"/>
    <property name="user.name" value="emilesteenkamp"/>
    <property name="stdout.encoding" value="UTF-8"/>
    <property name="path.separator" value=":"/>
    <property name="os.version" value="13.1"/>
    <property name="java.runtime.name" value="OpenJDK Runtime Environment"/>
    <property name="file.encoding" value="UTF-8"/>
    <property name="java.vm.name" value="OpenJDK 64-Bit Server VM"/>
    <property name="java.vendor.version" value="Homebrew"/>
    <property name="localRepository" value="/Users/emilesteenkamp/.m2/repository"/>
    <property name="java.vendor.url.bug" value="https://github.com/Homebrew/homebrew-core/issues"/>
    <property name="java.io.tmpdir" value="/var/folders/z6/dgs_q5vx7kq7g6mnfnd0f_9h0000gn/T/"/>
    <property name="quarkus.log.file.path" value="target/target/quarkus.log"/>
    <property name="java.version" value="20.0.1"/>
    <property name="java.util.concurrent.ForkJoinPool.common.threadFactory" value="io.quarkus.bootstrap.forkjoin.QuarkusForkJoinWorkerThreadFactory"/>
    <property name="user.dir" value="/Users/emilesteenkamp/Repository/github.com/underpaid/quarkus-scripting/deployment"/>
    <property name="os.arch" value="aarch64"/>
    <property name="java.vm.specification.name" value="Java Virtual Machine Specification"/>
    <property name="native.encoding" value="UTF-8"/>
    <property name="java.util.logging.manager" value="org.jboss.logmanager.LogManager"/>
    <property name="java.library.path" value="/Users/emilesteenkamp/Library/Java/Extensions:/Library/Java/Extensions:/Network/Library/Java/Extensions:/System/Library/Java/Extensions:/usr/lib/java:."/>
    <property name="java.vm.info" value="mixed mode, sharing"/>
    <property name="stderr.encoding" value="UTF-8"/>
    <property name="java.vendor" value="Homebrew"/>
    <property name="java.vm.version" value="20.0.1"/>
    <property name="sun.io.unicode.encoding" value="UnicodeBig"/>
    <property name="socksNonProxyHosts" value="local|*.local|169.254/16|*.169.254/16"/>
    <property name="java.class.version" value="64.0"/>
  </properties>
  <testcase name="writeYourOwnDevModeTest" classname="org.chop.quarkus.scripting.test.QuarkusScriptingDevModeTest" time="0.837">
    <system-out><![CDATA[&amp#27;[94mTests paused&amp#27;[39m
2023-07-24 10:26:59,796 WARN  [io.qua.boo.BootstrapAppModelFactory] (main) Expected project directory /var/folders/z6/dgs_q5vx7kq7g6mnfnd0f_9h0000gn/T/quarkus-dev-mode-test10914602186340560787 does not match current project directory /Users/emilesteenkamp/Repository/github.com/underpaid/quarkus-scripting/deployment
2023-07-24 10:27:00,603 INFO  [io.quarkus] (Quarkus Main Thread) quarkus-scripting-deployment 1.0.0-SNAPSHOT on JVM (powered by Quarkus 3.2.2.Final) started in 0.451s. 
2023-07-24 10:27:00,604 INFO  [io.quarkus] (Quarkus Main Thread) Profile dev activated. Live Coding activated.
2023-07-24 10:27:00,604 INFO  [io.quarkus] (Quarkus Main Thread) Installed features: [cdi, quarkus-scripting]
2023-07-24 10:27:00,606 INFO  [io.quarkus] (Quarkus Main Thread) quarkus-scripting-deployment stopped in 0.001s
]]></system-out>
  </testcase>
</testsuite>